{"C:\\projetos\\Agents\\SimpleCrew\\simple-crew-front\\src\\components\\node-config\\WebhookForm.tsx": {"path":"C:\\projetos\\Agents\\SimpleCrew\\simple-crew-front\\src\\components\\node-config\\WebhookForm.tsx","statementMap":{"0":{"start":{"line":15,"column":13},"end":{"line":371,"column":null}},"1":{"start":{"line":22,"column":20},"end":{"line":22,"column":88}},"2":{"start":{"line":24,"column":8},"end":{"line":26,"column":null}},"3":{"start":{"line":25,"column":4},"end":{"line":25,"column":null}},"4":{"start":{"line":26,"column":4},"end":{"line":26,"column":null}},"5":{"start":{"line":29,"column":8},"end":{"line":32,"column":null}},"6":{"start":{"line":30,"column":22},"end":{"line":30,"column":59}},"7":{"start":{"line":31,"column":4},"end":{"line":31,"column":null}},"8":{"start":{"line":32,"column":4},"end":{"line":32,"column":null}},"9":{"start":{"line":35,"column":8},"end":{"line":40,"column":null}},"10":{"start":{"line":36,"column":4},"end":{"line":40,"column":null}},"11":{"start":{"line":43,"column":8},"end":{"line":46,"column":null}},"12":{"start":{"line":44,"column":21},"end":{"line":44,"column":null}},"13":{"start":{"line":45,"column":17},"end":{"line":45,"column":35}},"14":{"start":{"line":46,"column":4},"end":{"line":46,"column":null}},"15":{"start":{"line":49,"column":8},"end":{"line":55,"column":null}},"16":{"start":{"line":50,"column":4},"end":{"line":52,"column":null}},"17":{"start":{"line":51,"column":6},"end":{"line":51,"column":null}},"18":{"start":{"line":51,"column":41},"end":{"line":51,"column":null}},"19":{"start":{"line":55,"column":4},"end":{"line":55,"column":null}},"20":{"start":{"line":58,"column":21},"end":{"line":58,"column":36}},"21":{"start":{"line":59,"column":21},"end":{"line":59,"column":null}},"22":{"start":{"line":60,"column":25},"end":{"line":60,"column":null}},"23":{"start":{"line":62,"column":8},"end":{"line":65,"column":null}},"24":{"start":{"line":63,"column":20},"end":{"line":63,"column":47}},"25":{"start":{"line":64,"column":4},"end":{"line":64,"column":null}},"26":{"start":{"line":65,"column":4},"end":{"line":65,"column":null}},"27":{"start":{"line":68,"column":8},"end":{"line":74,"column":null}},"28":{"start":{"line":69,"column":20},"end":{"line":69,"column":47}},"29":{"start":{"line":70,"column":4},"end":{"line":71,"column":null}},"30":{"start":{"line":71,"column":6},"end":{"line":71,"column":null}},"31":{"start":{"line":73,"column":4},"end":{"line":73,"column":null}},"32":{"start":{"line":74,"column":4},"end":{"line":74,"column":null}},"33":{"start":{"line":77,"column":8},"end":{"line":80,"column":null}},"34":{"start":{"line":78,"column":20},"end":{"line":78,"column":47}},"35":{"start":{"line":79,"column":4},"end":{"line":79,"column":null}},"36":{"start":{"line":80,"column":4},"end":{"line":80,"column":null}},"37":{"start":{"line":83,"column":8},"end":{"line":86,"column":null}},"38":{"start":{"line":84,"column":21},"end":{"line":84,"column":54}},"39":{"start":{"line":85,"column":4},"end":{"line":85,"column":null}},"40":{"start":{"line":86,"column":4},"end":{"line":86,"column":null}},"41":{"start":{"line":89,"column":8},"end":{"line":95,"column":null}},"42":{"start":{"line":90,"column":21},"end":{"line":90,"column":54}},"43":{"start":{"line":91,"column":4},"end":{"line":92,"column":null}},"44":{"start":{"line":92,"column":6},"end":{"line":92,"column":null}},"45":{"start":{"line":94,"column":4},"end":{"line":94,"column":null}},"46":{"start":{"line":95,"column":4},"end":{"line":95,"column":null}},"47":{"start":{"line":98,"column":8},"end":{"line":101,"column":null}},"48":{"start":{"line":99,"column":21},"end":{"line":99,"column":54}},"49":{"start":{"line":100,"column":4},"end":{"line":100,"column":null}},"50":{"start":{"line":101,"column":4},"end":{"line":101,"column":null}},"51":{"start":{"line":104,"column":2},"end":{"line":367,"column":null}},"52":{"start":{"line":114,"column":29},"end":{"line":114,"column":101}},"53":{"start":{"line":114,"column":63},"end":{"line":114,"column":100}},"54":{"start":{"line":142,"column":14},"end":{"line":152,"column":null}},"55":{"start":{"line":144,"column":31},"end":{"line":144,"column":86}},"56":{"start":{"line":173,"column":31},"end":{"line":173,"column":58}},"57":{"start":{"line":194,"column":10},"end":{"line":205,"column":null}},"58":{"start":{"line":196,"column":27},"end":{"line":196,"column":54}},"59":{"start":{"line":219,"column":37},"end":{"line":219,"column":null}},"60":{"start":{"line":234,"column":37},"end":{"line":234,"column":null}},"61":{"start":{"line":253,"column":18},"end":{"line":269,"column":null}},"62":{"start":{"line":257,"column":39},"end":{"line":257,"column":79}},"63":{"start":{"line":263,"column":39},"end":{"line":263,"column":77}},"64":{"start":{"line":266,"column":43},"end":{"line":266,"column":60}},"65":{"start":{"line":290,"column":30},"end":{"line":290,"column":86}},"66":{"start":{"line":341,"column":20},"end":{"line":358,"column":null}},"67":{"start":{"line":345,"column":43},"end":{"line":345,"column":84}},"68":{"start":{"line":352,"column":43},"end":{"line":352,"column":82}},"69":{"start":{"line":355,"column":46},"end":{"line":355,"column":64}}},"fnMap":{"0":{"name":"(anonymous_0)","decl":{"start":{"line":15,"column":55},"end":{"line":15,"column":61}},"loc":{"start":{"line":21,"column":6},"end":{"line":371,"column":null}},"line":21},"1":{"name":"(anonymous_1)","decl":{"start":{"line":24,"column":8},"end":{"line":24,"column":27}},"loc":{"start":{"line":24,"column":44},"end":{"line":26,"column":null}},"line":24},"2":{"name":"(anonymous_2)","decl":{"start":{"line":29,"column":8},"end":{"line":29,"column":35}},"loc":{"start":{"line":29,"column":35},"end":{"line":32,"column":null}},"line":29},"3":{"name":"(anonymous_3)","decl":{"start":{"line":35,"column":8},"end":{"line":35,"column":20}},"loc":{"start":{"line":35,"column":37},"end":{"line":40,"column":null}},"line":35},"4":{"name":"(anonymous_4)","decl":{"start":{"line":43,"column":8},"end":{"line":43,"column":28}},"loc":{"start":{"line":43,"column":71},"end":{"line":46,"column":null}},"line":43},"5":{"name":"(anonymous_5)","decl":{"start":{"line":49,"column":8},"end":{"line":49,"column":30}},"loc":{"start":{"line":49,"column":30},"end":{"line":55,"column":null}},"line":49},"6":{"name":"(anonymous_6)","decl":{"start":{"line":62,"column":8},"end":{"line":62,"column":26}},"loc":{"start":{"line":62,"column":26},"end":{"line":65,"column":null}},"line":62},"7":{"name":"(anonymous_7)","decl":{"start":{"line":68,"column":8},"end":{"line":68,"column":24}},"loc":{"start":{"line":68,"column":74},"end":{"line":74,"column":null}},"line":68},"8":{"name":"(anonymous_8)","decl":{"start":{"line":77,"column":8},"end":{"line":77,"column":24}},"loc":{"start":{"line":77,"column":40},"end":{"line":80,"column":null}},"line":77},"9":{"name":"(anonymous_9)","decl":{"start":{"line":83,"column":8},"end":{"line":83,"column":27}},"loc":{"start":{"line":83,"column":27},"end":{"line":86,"column":null}},"line":83},"10":{"name":"(anonymous_10)","decl":{"start":{"line":89,"column":8},"end":{"line":89,"column":25}},"loc":{"start":{"line":89,"column":75},"end":{"line":95,"column":null}},"line":89},"11":{"name":"(anonymous_11)","decl":{"start":{"line":98,"column":8},"end":{"line":98,"column":25}},"loc":{"start":{"line":98,"column":41},"end":{"line":101,"column":null}},"line":98},"12":{"name":"(anonymous_12)","decl":{"start":{"line":114,"column":12},"end":{"line":114,"column":23}},"loc":{"start":{"line":114,"column":29},"end":{"line":114,"column":101}},"line":114},"13":{"name":"(anonymous_13)","decl":{"start":{"line":114,"column":46},"end":{"line":114,"column":55}},"loc":{"start":{"line":114,"column":63},"end":{"line":114,"column":100}},"line":114},"14":{"name":"(anonymous_14)","decl":{"start":{"line":141,"column":29},"end":{"line":141,"column":34}},"loc":{"start":{"line":142,"column":14},"end":{"line":152,"column":null}},"line":142},"15":{"name":"(anonymous_15)","decl":{"start":{"line":144,"column":16},"end":{"line":144,"column":31}},"loc":{"start":{"line":144,"column":31},"end":{"line":144,"column":86}},"line":144},"16":{"name":"(anonymous_16)","decl":{"start":{"line":173,"column":16},"end":{"line":173,"column":31}},"loc":{"start":{"line":173,"column":31},"end":{"line":173,"column":58}},"line":173},"17":{"name":"(anonymous_17)","decl":{"start":{"line":193,"column":10},"end":{"line":193,"column":14}},"loc":{"start":{"line":194,"column":10},"end":{"line":205,"column":null}},"line":194},"18":{"name":"(anonymous_18)","decl":{"start":{"line":196,"column":12},"end":{"line":196,"column":27}},"loc":{"start":{"line":196,"column":27},"end":{"line":196,"column":54}},"line":196},"19":{"name":"(anonymous_19)","decl":{"start":{"line":219,"column":20},"end":{"line":219,"column":31}},"loc":{"start":{"line":219,"column":37},"end":{"line":219,"column":null}},"line":219},"20":{"name":"(anonymous_20)","decl":{"start":{"line":234,"column":20},"end":{"line":234,"column":31}},"loc":{"start":{"line":234,"column":37},"end":{"line":234,"column":null}},"line":234},"21":{"name":"(anonymous_21)","decl":{"start":{"line":252,"column":80},"end":{"line":252,"column":85}},"loc":{"start":{"line":253,"column":18},"end":{"line":269,"column":null}},"line":253},"22":{"name":"(anonymous_22)","decl":{"start":{"line":257,"column":22},"end":{"line":257,"column":33}},"loc":{"start":{"line":257,"column":39},"end":{"line":257,"column":79}},"line":257},"23":{"name":"(anonymous_23)","decl":{"start":{"line":263,"column":22},"end":{"line":263,"column":33}},"loc":{"start":{"line":263,"column":39},"end":{"line":263,"column":77}},"line":263},"24":{"name":"(anonymous_24)","decl":{"start":{"line":266,"column":28},"end":{"line":266,"column":43}},"loc":{"start":{"line":266,"column":43},"end":{"line":266,"column":60}},"line":266},"25":{"name":"(anonymous_25)","decl":{"start":{"line":290,"column":15},"end":{"line":290,"column":30}},"loc":{"start":{"line":290,"column":30},"end":{"line":290,"column":86}},"line":290},"26":{"name":"(anonymous_26)","decl":{"start":{"line":340,"column":87},"end":{"line":340,"column":92}},"loc":{"start":{"line":341,"column":20},"end":{"line":358,"column":null}},"line":341},"27":{"name":"(anonymous_27)","decl":{"start":{"line":345,"column":26},"end":{"line":345,"column":37}},"loc":{"start":{"line":345,"column":43},"end":{"line":345,"column":84}},"line":345},"28":{"name":"(anonymous_28)","decl":{"start":{"line":352,"column":26},"end":{"line":352,"column":37}},"loc":{"start":{"line":352,"column":43},"end":{"line":352,"column":82}},"line":352},"29":{"name":"(anonymous_29)","decl":{"start":{"line":355,"column":31},"end":{"line":355,"column":46}},"loc":{"start":{"line":355,"column":46},"end":{"line":355,"column":64}},"line":355}},"branchMap":{"0":{"loc":{"start":{"line":51,"column":6},"end":{"line":51,"column":null}},"type":"if","locations":[{"start":{"line":51,"column":6},"end":{"line":51,"column":null}},{"start":{},"end":{}}],"line":51},"1":{"loc":{"start":{"line":55,"column":12},"end":{"line":55,"column":null}},"type":"binary-expr","locations":[{"start":{"line":55,"column":12},"end":{"line":55,"column":43}},{"start":{"line":55,"column":43},"end":{"line":55,"column":null}}],"line":55},"2":{"loc":{"start":{"line":59,"column":46},"end":{"line":59,"column":null}},"type":"binary-expr","locations":[{"start":{"line":59,"column":46},"end":{"line":59,"column":59}},{"start":{"line":59,"column":59},"end":{"line":59,"column":null}}],"line":59},"3":{"loc":{"start":{"line":63,"column":26},"end":{"line":63,"column":44}},"type":"binary-expr","locations":[{"start":{"line":63,"column":26},"end":{"line":63,"column":42}},{"start":{"line":63,"column":42},"end":{"line":63,"column":44}}],"line":63},"4":{"loc":{"start":{"line":69,"column":26},"end":{"line":69,"column":44}},"type":"binary-expr","locations":[{"start":{"line":69,"column":26},"end":{"line":69,"column":42}},{"start":{"line":69,"column":42},"end":{"line":69,"column":44}}],"line":69},"5":{"loc":{"start":{"line":70,"column":4},"end":{"line":71,"column":null}},"type":"if","locations":[{"start":{"line":70,"column":4},"end":{"line":71,"column":null}},{"start":{},"end":{}}],"line":70},"6":{"loc":{"start":{"line":78,"column":26},"end":{"line":78,"column":44}},"type":"binary-expr","locations":[{"start":{"line":78,"column":26},"end":{"line":78,"column":42}},{"start":{"line":78,"column":42},"end":{"line":78,"column":44}}],"line":78},"7":{"loc":{"start":{"line":84,"column":27},"end":{"line":84,"column":51}},"type":"binary-expr","locations":[{"start":{"line":84,"column":27},"end":{"line":84,"column":49}},{"start":{"line":84,"column":49},"end":{"line":84,"column":51}}],"line":84},"8":{"loc":{"start":{"line":90,"column":27},"end":{"line":90,"column":51}},"type":"binary-expr","locations":[{"start":{"line":90,"column":27},"end":{"line":90,"column":49}},{"start":{"line":90,"column":49},"end":{"line":90,"column":51}}],"line":90},"9":{"loc":{"start":{"line":91,"column":4},"end":{"line":92,"column":null}},"type":"if","locations":[{"start":{"line":91,"column":4},"end":{"line":92,"column":null}},{"start":{},"end":{}}],"line":91},"10":{"loc":{"start":{"line":99,"column":27},"end":{"line":99,"column":51}},"type":"binary-expr","locations":[{"start":{"line":99,"column":27},"end":{"line":99,"column":49}},{"start":{"line":99,"column":49},"end":{"line":99,"column":51}}],"line":99},"11":{"loc":{"start":{"line":112,"column":19},"end":{"line":112,"column":null}},"type":"binary-expr","locations":[{"start":{"line":112,"column":19},"end":{"line":112,"column":32}},{"start":{"line":112,"column":32},"end":{"line":112,"column":null}}],"line":112},"12":{"loc":{"start":{"line":126,"column":19},"end":{"line":126,"column":null}},"type":"binary-expr","locations":[{"start":{"line":126,"column":19},"end":{"line":126,"column":32}},{"start":{"line":126,"column":32},"end":{"line":126,"column":null}}],"line":126},"13":{"loc":{"start":{"line":145,"column":27},"end":{"line":148,"column":null}},"type":"cond-expr","locations":[{"start":{"line":147,"column":22},"end":{"line":147,"column":null}},{"start":{"line":148,"column":22},"end":{"line":148,"column":null}}],"line":145},"14":{"loc":{"start":{"line":146,"column":19},"end":{"line":146,"column":46}},"type":"binary-expr","locations":[{"start":{"line":146,"column":19},"end":{"line":146,"column":34}},{"start":{"line":146,"column":34},"end":{"line":146,"column":46}}],"line":146},"15":{"loc":{"start":{"line":166,"column":21},"end":{"line":166,"column":null}},"type":"cond-expr","locations":[{"start":{"line":166,"column":33},"end":{"line":166,"column":46}},{"start":{"line":166,"column":46},"end":{"line":166,"column":null}}],"line":166},"16":{"loc":{"start":{"line":168,"column":16},"end":{"line":168,"column":null}},"type":"cond-expr","locations":[{"start":{"line":168,"column":28},"end":{"line":168,"column":69}},{"start":{"line":168,"column":69},"end":{"line":168,"column":null}}],"line":168},"17":{"loc":{"start":{"line":171,"column":13},"end":{"line":178,"column":null}},"type":"binary-expr","locations":[{"start":{"line":171,"column":13},"end":{"line":171,"column":null}},{"start":{"line":172,"column":14},"end":{"line":178,"column":null}}],"line":171},"18":{"loc":{"start":{"line":198,"column":14},"end":{"line":200,"column":null}},"type":"cond-expr","locations":[{"start":{"line":199,"column":18},"end":{"line":199,"column":null}},{"start":{"line":200,"column":18},"end":{"line":200,"column":null}}],"line":198},"19":{"loc":{"start":{"line":210,"column":7},"end":{"line":274,"column":null}},"type":"binary-expr","locations":[{"start":{"line":210,"column":7},"end":{"line":210,"column":null}},{"start":{"line":211,"column":8},"end":{"line":274,"column":null}}],"line":210},"20":{"loc":{"start":{"line":221,"column":115},"end":{"line":221,"column":null}},"type":"cond-expr","locations":[{"start":{"line":221,"column":141},"end":{"line":221,"column":180}},{"start":{"line":221,"column":180},"end":{"line":221,"column":null}}],"line":221},"21":{"loc":{"start":{"line":222,"column":107},"end":{"line":222,"column":186}},"type":"cond-expr","locations":[{"start":{"line":222,"column":133},"end":{"line":222,"column":165}},{"start":{"line":222,"column":165},"end":{"line":222,"column":186}}],"line":222},"22":{"loc":{"start":{"line":236,"column":115},"end":{"line":236,"column":null}},"type":"cond-expr","locations":[{"start":{"line":236,"column":145},"end":{"line":236,"column":184}},{"start":{"line":236,"column":184},"end":{"line":236,"column":null}}],"line":236},"23":{"loc":{"start":{"line":237,"column":107},"end":{"line":237,"column":190}},"type":"cond-expr","locations":[{"start":{"line":237,"column":137},"end":{"line":237,"column":169}},{"start":{"line":237,"column":169},"end":{"line":237,"column":190}}],"line":237},"24":{"loc":{"start":{"line":252,"column":33},"end":{"line":252,"column":51}},"type":"binary-expr","locations":[{"start":{"line":252,"column":33},"end":{"line":252,"column":49}},{"start":{"line":252,"column":49},"end":{"line":252,"column":51}}],"line":252},"25":{"loc":{"start":{"line":271,"column":17},"end":{"line":274,"column":null}},"type":"binary-expr","locations":[{"start":{"line":271,"column":17},"end":{"line":271,"column":null}},{"start":{"line":272,"column":19},"end":{"line":274,"column":null}}],"line":271},"26":{"loc":{"start":{"line":271,"column":33},"end":{"line":271,"column":51}},"type":"binary-expr","locations":[{"start":{"line":271,"column":33},"end":{"line":271,"column":49}},{"start":{"line":271,"column":49},"end":{"line":271,"column":51}}],"line":271},"27":{"loc":{"start":{"line":282,"column":7},"end":{"line":318,"column":null}},"type":"binary-expr","locations":[{"start":{"line":282,"column":7},"end":{"line":282,"column":null}},{"start":{"line":283,"column":8},"end":{"line":318,"column":null}}],"line":282},"28":{"loc":{"start":{"line":293,"column":15},"end":{"line":293,"column":null}},"type":"cond-expr","locations":[{"start":{"line":293,"column":33},"end":{"line":293,"column":88}},{"start":{"line":293,"column":87},"end":{"line":293,"column":null}}],"line":293},"29":{"loc":{"start":{"line":297,"column":11},"end":{"line":318,"column":null}},"type":"binary-expr","locations":[{"start":{"line":297,"column":11},"end":{"line":297,"column":null}},{"start":{"line":298,"column":12},"end":{"line":318,"column":null}}],"line":297},"30":{"loc":{"start":{"line":313,"column":25},"end":{"line":313,"column":null}},"type":"binary-expr","locations":[{"start":{"line":313,"column":25},"end":{"line":313,"column":40}},{"start":{"line":313,"column":40},"end":{"line":313,"column":null}}],"line":313},"31":{"loc":{"start":{"line":326,"column":7},"end":{"line":367,"column":null}},"type":"binary-expr","locations":[{"start":{"line":326,"column":7},"end":{"line":326,"column":null}},{"start":{"line":327,"column":8},"end":{"line":367,"column":null}}],"line":326},"32":{"loc":{"start":{"line":340,"column":34},"end":{"line":340,"column":58}},"type":"binary-expr","locations":[{"start":{"line":340,"column":34},"end":{"line":340,"column":56}},{"start":{"line":340,"column":56},"end":{"line":340,"column":58}}],"line":340},"33":{"loc":{"start":{"line":360,"column":18},"end":{"line":363,"column":null}},"type":"binary-expr","locations":[{"start":{"line":360,"column":18},"end":{"line":360,"column":null}},{"start":{"line":361,"column":20},"end":{"line":363,"column":null}}],"line":360},"34":{"loc":{"start":{"line":360,"column":34},"end":{"line":360,"column":58}},"type":"binary-expr","locations":[{"start":{"line":360,"column":34},"end":{"line":360,"column":56}},{"start":{"line":360,"column":56},"end":{"line":360,"column":58}}],"line":360}},"s":{"0":1,"1":12,"2":12,"3":1,"4":1,"5":12,"6":1,"7":1,"8":1,"9":12,"10":1,"11":12,"12":1,"13":1,"14":1,"15":12,"16":12,"17":12,"18":0,"19":12,"20":12,"21":12,"22":12,"23":12,"24":1,"25":1,"26":1,"27":12,"28":1,"29":1,"30":1,"31":1,"32":1,"33":12,"34":1,"35":1,"36":1,"37":12,"38":1,"39":1,"40":1,"41":12,"42":1,"43":1,"44":1,"45":1,"46":1,"47":12,"48":1,"49":1,"50":1,"51":12,"52":1,"53":1,"54":24,"55":1,"56":1,"57":36,"58":3,"59":1,"60":1,"61":9,"62":1,"63":0,"64":1,"65":1,"66":1,"67":1,"68":0,"69":1},"f":{"0":12,"1":1,"2":1,"3":1,"4":1,"5":12,"6":1,"7":1,"8":1,"9":1,"10":1,"11":1,"12":1,"13":1,"14":24,"15":1,"16":1,"17":36,"18":3,"19":1,"20":1,"21":9,"22":1,"23":0,"24":1,"25":1,"26":1,"27":1,"28":0,"29":1},"b":{"0":[0,12],"1":[12,0],"2":[12,0],"3":[1,0],"4":[1,0],"5":[1,0],"6":[1,0],"7":[1,0],"8":[1,0],"9":[1,0],"10":[1,0],"11":[12,0],"12":[12,0],"13":[12,12],"14":[24,0],"15":[12,0],"16":[12,0],"17":[12,12],"18":[12,24],"19":[12,9],"20":[9,0],"21":[9,0],"22":[0,9],"23":[0,9],"24":[9,0],"25":[9,0],"26":[9,0],"27":[12,2],"28":[1,1],"29":[2,1],"30":[1,0],"31":[12,1],"32":[1,0],"33":[1,0],"34":[1,0]},"meta":{"lastBranch":35,"lastFunction":30,"lastStatement":70,"seen":{"s:15:13:371:Infinity":0,"f:15:55:15:61":0,"s:22:20:22:88":1,"s:24:8:26:Infinity":2,"f:24:8:24:27":1,"s:25:4:25:Infinity":3,"s:26:4:26:Infinity":4,"s:29:8:32:Infinity":5,"f:29:8:29:35":2,"s:30:22:30:59":6,"s:31:4:31:Infinity":7,"s:32:4:32:Infinity":8,"s:35:8:40:Infinity":9,"f:35:8:35:20":3,"s:36:4:40:Infinity":10,"s:43:8:46:Infinity":11,"f:43:8:43:28":4,"s:44:21:44:Infinity":12,"s:45:17:45:35":13,"s:46:4:46:Infinity":14,"s:49:8:55:Infinity":15,"f:49:8:49:30":5,"s:50:4:52:Infinity":16,"b:51:6:51:Infinity:undefined:undefined:undefined:undefined":0,"s:51:6:51:Infinity":17,"s:51:41:51:Infinity":18,"s:55:4:55:Infinity":19,"b:55:12:55:43:55:43:55:Infinity":1,"s:58:21:58:36":20,"s:59:21:59:Infinity":21,"b:59:46:59:59:59:59:59:Infinity":2,"s:60:25:60:Infinity":22,"s:62:8:65:Infinity":23,"f:62:8:62:26":6,"s:63:20:63:47":24,"b:63:26:63:42:63:42:63:44":3,"s:64:4:64:Infinity":25,"s:65:4:65:Infinity":26,"s:68:8:74:Infinity":27,"f:68:8:68:24":7,"s:69:20:69:47":28,"b:69:26:69:42:69:42:69:44":4,"b:70:4:71:Infinity:undefined:undefined:undefined:undefined":5,"s:70:4:71:Infinity":29,"s:71:6:71:Infinity":30,"s:73:4:73:Infinity":31,"s:74:4:74:Infinity":32,"s:77:8:80:Infinity":33,"f:77:8:77:24":8,"s:78:20:78:47":34,"b:78:26:78:42:78:42:78:44":6,"s:79:4:79:Infinity":35,"s:80:4:80:Infinity":36,"s:83:8:86:Infinity":37,"f:83:8:83:27":9,"s:84:21:84:54":38,"b:84:27:84:49:84:49:84:51":7,"s:85:4:85:Infinity":39,"s:86:4:86:Infinity":40,"s:89:8:95:Infinity":41,"f:89:8:89:25":10,"s:90:21:90:54":42,"b:90:27:90:49:90:49:90:51":8,"b:91:4:92:Infinity:undefined:undefined:undefined:undefined":9,"s:91:4:92:Infinity":43,"s:92:6:92:Infinity":44,"s:94:4:94:Infinity":45,"s:95:4:95:Infinity":46,"s:98:8:101:Infinity":47,"f:98:8:98:25":11,"s:99:21:99:54":48,"b:99:27:99:49:99:49:99:51":10,"s:100:4:100:Infinity":49,"s:101:4:101:Infinity":50,"s:104:2:367:Infinity":51,"b:112:19:112:32:112:32:112:Infinity":11,"f:114:12:114:23":12,"s:114:29:114:101":52,"f:114:46:114:55":13,"s:114:63:114:100":53,"b:126:19:126:32:126:32:126:Infinity":12,"f:141:29:141:34":14,"s:142:14:152:Infinity":54,"f:144:16:144:31":15,"s:144:31:144:86":55,"b:147:22:147:Infinity:148:22:148:Infinity":13,"b:146:19:146:34:146:34:146:46":14,"b:166:33:166:46:166:46:166:Infinity":15,"b:168:28:168:69:168:69:168:Infinity":16,"b:171:13:171:Infinity:172:14:178:Infinity":17,"f:173:16:173:31":16,"s:173:31:173:58":56,"f:193:10:193:14":17,"s:194:10:205:Infinity":57,"f:196:12:196:27":18,"s:196:27:196:54":58,"b:199:18:199:Infinity:200:18:200:Infinity":18,"b:210:7:210:Infinity:211:8:274:Infinity":19,"f:219:20:219:31":19,"s:219:37:219:Infinity":59,"b:221:141:221:180:221:180:221:Infinity":20,"b:222:133:222:165:222:165:222:186":21,"f:234:20:234:31":20,"s:234:37:234:Infinity":60,"b:236:145:236:184:236:184:236:Infinity":22,"b:237:137:237:169:237:169:237:190":23,"b:252:33:252:49:252:49:252:51":24,"f:252:80:252:85":21,"s:253:18:269:Infinity":61,"f:257:22:257:33":22,"s:257:39:257:79":62,"f:263:22:263:33":23,"s:263:39:263:77":63,"f:266:28:266:43":24,"s:266:43:266:60":64,"b:271:17:271:Infinity:272:19:274:Infinity":25,"b:271:33:271:49:271:49:271:51":26,"b:282:7:282:Infinity:283:8:318:Infinity":27,"f:290:15:290:30":25,"s:290:30:290:86":65,"b:293:33:293:88:293:87:293:Infinity":28,"b:297:11:297:Infinity:298:12:318:Infinity":29,"b:313:25:313:40:313:40:313:Infinity":30,"b:326:7:326:Infinity:327:8:367:Infinity":31,"b:340:34:340:56:340:56:340:58":32,"f:340:87:340:92":26,"s:341:20:358:Infinity":66,"f:345:26:345:37":27,"s:345:43:345:84":67,"f:352:26:352:37":28,"s:352:43:352:82":68,"f:355:31:355:46":29,"s:355:46:355:64":69,"b:360:18:360:Infinity:361:20:363:Infinity":33,"b:360:34:360:56:360:56:360:58":34}}}
}
